[    0.000000] Linux version 4.15.0-96-generic (buildd@lgw01-amd64-004) (gcc version 7.5.0 (Ubuntu 7.5.0-3ubuntu1~18.04)) #97-Ubuntu SMP Wed Apr 1 03:25:46 UTC 2020 (Ubuntu 4.15.0-96.97-generic 4.15.18)
[    0.000000] Command line: BOOT_IMAGE=/boot/vmlinuz-4.15.0-96-generic root=LABEL=cloudimg-rootfs ro console=tty1 console=ttyS0
[    0.000000] KERNEL supported cpus:
[    0.000000]   Intel GenuineIntel
[    0.000000]   AMD AuthenticAMD
[    0.000000]   Centaur CentaurHauls
[    0.000000] x86/fpu: Supporting XSAVE feature 0x001: 'x87 floating point registers'
[    0.000000] x86/fpu: Supporting XSAVE feature 0x002: 'SSE registers'
[    0.000000] x86/fpu: Supporting XSAVE feature 0x004: 'AVX registers'
[    0.000000] x86/fpu: xstate_offset[2]:  576, xstate_sizes[2]:  256
[    0.000000] x86/fpu: Enabled xstate features 0x7, context size is 832 bytes, using 'standard' format.
[    0.000000] e820: BIOS-provided physical RAM map:
[    0.000000] BIOS-e820: [mem 0x0000000000000000-0x000000000009fbff] usable
[    0.000000] BIOS-e820: [mem 0x000000000009fc00-0x000000000009ffff] reserved
[    0.000000] BIOS-e820: [mem 0x00000000000f0000-0x00000000000fffff] reserved
[    0.000000] BIOS-e820: [mem 0x0000000000100000-0x00000000dffeffff] usable
[    0.000000] BIOS-e820: [mem 0x00000000dfff0000-0x00000000dfffffff] ACPI data
[    0.000000] BIOS-e820: [mem 0x00000000fec00000-0x00000000fec00fff] reserved
[    0.000000] BIOS-e820: [mem 0x00000000fee00000-0x00000000fee00fff] reserved
[    0.000000] BIOS-e820: [mem 0x00000000fffc0000-0x00000000ffffffff] reserved
[    0.000000] BIOS-e820: [mem 0x0000000100000000-0x000000011fffffff] usable
[    0.000000] NX (Execute Disable) protection: active
[    0.000000] SMBIOS 2.5 present.
[    0.000000] DMI: innotek GmbH VirtualBox/VirtualBox, BIOS VirtualBox 12/01/2006
[    0.000000] Hypervisor detected: KVM
[    0.000000] e820: last_pfn = 0x120000 max_arch_pfn = 0x400000000
[    0.000000] MTRR: Disabled
[    0.000000] x86/PAT: MTRRs disabled, skipping PAT initialization too.
[    0.000000] CPU MTRRs all blank - virtualized system.
[    0.000000] x86/PAT: Configuration [0-7]: WB  WT  UC- UC  WB  WT  UC- UC  
[    0.000000] e820: last_pfn = 0xdfff0 max_arch_pfn = 0x400000000
[    0.000000] found SMP MP-table at [mem 0x0009fff0-0x0009ffff]
[    0.000000] Scanning 1 areas for low memory corruption
[    0.000000] RAMDISK: [mem 0x35a6d000-0x36d2dfff]
[    0.000000] ACPI: Early table checksum verification disabled
[    0.000000] ACPI: RSDP 0x00000000000E0000 000024 (v02 VBOX  )
[    0.000000] ACPI: XSDT 0x00000000DFFF0030 00003C (v01 VBOX   VBOXXSDT 00000001 ASL  00000061)
[    0.000000] ACPI: FACP 0x00000000DFFF00F0 0000F4 (v04 VBOX   VBOXFACP 00000001 ASL  00000061)
[    0.000000] ACPI: DSDT 0x00000000DFFF0480 002325 (v02 VBOX   VBOXBIOS 00000002 INTL 20100528)
[    0.000000] ACPI: FACS 0x00000000DFFF0200 000040
[    0.000000] ACPI: FACS 0x00000000DFFF0200 000040
[    0.000000] ACPI: APIC 0x00000000DFFF0240 00006C (v02 VBOX   VBOXAPIC 00000001 ASL  00000061)
[    0.000000] ACPI: SSDT 0x00000000DFFF02B0 0001CC (v01 VBOX   VBOXCPUT 00000002 INTL 20100528)
[    0.000000] No NUMA configuration found
[    0.000000] Faking a node at [mem 0x0000000000000000-0x000000011fffffff]
[    0.000000] NODE_DATA(0) allocated [mem 0x11ffd1000-0x11fffbfff]
[    0.000000] kvm-clock: cpu 0, msr 1:1ff50001, primary cpu clock
[    0.000000] kvm-clock: Using msrs 4b564d01 and 4b564d00
[    0.000000] kvm-clock: using sched offset of 3222587096 cycles
[    0.000000] clocksource: kvm-clock: mask: 0xffffffffffffffff max_cycles: 0x1cd42e4dffb, max_idle_ns: 881590591483 ns
[    0.000000] Zone ranges:
[    0.000000]   DMA      [mem 0x0000000000001000-0x0000000000ffffff]
[    0.000000]   DMA32    [mem 0x0000000001000000-0x00000000ffffffff]
[    0.000000]   Normal   [mem 0x0000000100000000-0x000000011fffffff]
[    0.000000]   Device   empty
[    0.000000] Movable zone start for each node
[    0.000000] Early memory node ranges
[    0.000000]   node   0: [mem 0x0000000000001000-0x000000000009efff]
[    0.000000]   node   0: [mem 0x0000000000100000-0x00000000dffeffff]
[    0.000000]   node   0: [mem 0x0000000100000000-0x000000011fffffff]
[    0.000000] Reserved but unavailable: 98 pages
[    0.000000] Initmem setup node 0 [mem 0x0000000000001000-0x000000011fffffff]
[    0.000000] ACPI: PM-Timer IO Port: 0x4008
[    0.000000] IOAPIC[0]: apic_id 4, version 32, address 0xfec00000, GSI 0-23
[    0.000000] ACPI: INT_SRC_OVR (bus 0 bus_irq 0 global_irq 2 dfl dfl)
[    0.000000] ACPI: INT_SRC_OVR (bus 0 bus_irq 9 global_irq 9 low level)
[    0.000000] Using ACPI (MADT) for SMP configuration information
[    0.000000] smpboot: Allowing 4 CPUs, 0 hotplug CPUs
[    0.000000] PM: Registered nosave memory: [mem 0x00000000-0x00000fff]
[    0.000000] PM: Registered nosave memory: [mem 0x0009f000-0x0009ffff]
[    0.000000] PM: Registered nosave memory: [mem 0x000a0000-0x000effff]
[    0.000000] PM: Registered nosave memory: [mem 0x000f0000-0x000fffff]
[    0.000000] PM: Registered nosave memory: [mem 0xdfff0000-0xdfffffff]
[    0.000000] PM: Registered nosave memory: [mem 0xe0000000-0xfebfffff]
[    0.000000] PM: Registered nosave memory: [mem 0xfec00000-0xfec00fff]
[    0.000000] PM: Registered nosave memory: [mem 0xfec01000-0xfedfffff]
[    0.000000] PM: Registered nosave memory: [mem 0xfee00000-0xfee00fff]
[    0.000000] PM: Registered nosave memory: [mem 0xfee01000-0xfffbffff]
[    0.000000] PM: Registered nosave memory: [mem 0xfffc0000-0xffffffff]
[    0.000000] e820: [mem 0xe0000000-0xfebfffff] available for PCI devices
[    0.000000] Booting paravirtualized kernel on KVM
[    0.000000] clocksource: refined-jiffies: mask: 0xffffffff max_cycles: 0xffffffff, max_idle_ns: 7645519600211568 ns
[    0.000000] random: get_random_bytes called from start_kernel+0x99/0x4fd with crng_init=0
[    0.000000] setup_percpu: NR_CPUS:8192 nr_cpumask_bits:4 nr_cpu_ids:4 nr_node_ids:1
[    0.000000] percpu: Embedded 45 pages/cpu s147456 r8192 d28672 u524288
[    0.000000] PV qspinlock hash table entries: 256 (order: 0, 4096 bytes)
[    0.000000] Built 1 zonelists, mobility grouping on.  Total pages: 1032057
[    0.000000] Policy zone: Normal
[    0.000000] Kernel command line: BOOT_IMAGE=/boot/vmlinuz-4.15.0-96-generic root=LABEL=cloudimg-rootfs ro console=tty1 console=ttyS0
[    0.000000] Memory: 4013312K/4193848K available (12300K kernel code, 2481K rwdata, 4264K rodata, 2432K init, 2712K bss, 180536K reserved, 0K cma-reserved)
[    0.000000] SLUB: HWalign=64, Order=0-3, MinObjects=0, CPUs=4, Nodes=1
[    0.000000] ftrace: allocating 39351 entries in 154 pages
[    0.004000] Hierarchical RCU implementation.
[    0.004000] 	RCU restricting CPUs from NR_CPUS=8192 to nr_cpu_ids=4.
[    0.004000] 	Tasks RCU enabled.
[    0.004000] RCU: Adjusting geometry for rcu_fanout_leaf=16, nr_cpu_ids=4
[    0.004000] NR_IRQS: 524544, nr_irqs: 456, preallocated irqs: 16
[    0.004000] Console: colour VGA+ 80x25
[    0.004000] console [tty1] enabled
[    0.004000] console [ttyS0] enabled
[    0.004000] ACPI: Core revision 20170831
[    0.004000] ACPI: 2 ACPI AML tables successfully acquired and loaded
[    0.004000] APIC: Switch to symmetric I/O mode setup
[    0.004000] x2apic enabled
[    0.004000] Switched APIC routing to physical x2apic.
[    0.004000] ..TIMER: vector=0x30 apic1=0 pin1=2 apic2=-1 pin2=-1
[    0.004000] tsc: Detected 1190.399 MHz processor
[    0.004007] Calibrating delay loop (skipped) preset value.. 2380.79 BogoMIPS (lpj=4761596)
[    0.005161] pid_max: default: 32768 minimum: 301
[    0.005881] Security Framework initialized
[    0.006457] Yama: becoming mindful.
[    0.006968] AppArmor: AppArmor initialized
[    0.009559] Dentry cache hash table entries: 524288 (order: 10, 4194304 bytes)
[    0.011303] Inode-cache hash table entries: 262144 (order: 9, 2097152 bytes)
[    0.012019] Mount-cache hash table entries: 8192 (order: 4, 65536 bytes)
[    0.012924] Mountpoint-cache hash table entries: 8192 (order: 4, 65536 bytes)
[    0.014162] Last level iTLB entries: 4KB 0, 2MB 0, 4MB 0
[    0.014898] Last level dTLB entries: 4KB 0, 2MB 0, 4MB 0, 1GB 0
[    0.016003] Spectre V1 : Mitigation: usercopy/swapgs barriers and __user pointer sanitization
[    0.017132] Spectre V2 : Mitigation: Full generic retpoline
[    0.017906] Spectre V2 : Spectre v2 / SpectreRSB mitigation: Filling RSB on context switch
[    0.019039] Speculative Store Bypass: Vulnerable
[    0.019943] Freeing SMP alternatives memory: 36K
[    0.130399] smpboot: CPU0: Intel(R) Core(TM) i5-1035G1 CPU @ 1.00GHz (family: 0x6, model: 0x7e, stepping: 0x5)
[    0.131961] Performance Events: unsupported p6 CPU model 126 no PMU driver, software events only.
[    0.132000] Hierarchical SRCU implementation.
[    0.132000] NMI watchdog: Perf event create on CPU 0 failed with -2
[    0.132002] NMI watchdog: Perf NMI watchdog permanently disabled
[    0.132902] smp: Bringing up secondary CPUs ...
[    0.134215] x86: Booting SMP configuration:
[    0.134833] .... node  #0, CPUs:      #1
[    0.004000] kvm-clock: cpu 1, msr 1:1ff50041, secondary cpu clock
[    0.139227]  #2
[    0.004000] kvm-clock: cpu 2, msr 1:1ff50081, secondary cpu clock
[    0.142545]  #3
[    0.004000] kvm-clock: cpu 3, msr 1:1ff500c1, secondary cpu clock
[    0.144026] smp: Brought up 1 node, 4 CPUs
[    0.144609] smpboot: Max logical packages: 1
[    0.145233] smpboot: Total of 4 processors activated (9523.19 BogoMIPS)
[    0.148139] devtmpfs: initialized
[    0.148528] x86/mm: Memory block size: 128MB
[    0.149389] evm: security.selinux
[    0.149927] evm: security.SMACK64
[    0.150426] evm: security.SMACK64EXEC
[    0.150958] evm: security.SMACK64TRANSMUTE
[    0.152002] evm: security.SMACK64MMAP
[    0.152524] evm: security.apparmor
[    0.153037] evm: security.ima
[    0.153473] evm: security.capability
[    0.154010] clocksource: jiffies: mask: 0xffffffff max_cycles: 0xffffffff, max_idle_ns: 7645041785100000 ns
[    0.154010] futex hash table entries: 1024 (order: 4, 65536 bytes)
[    0.156077] pinctrl core: initialized pinctrl subsystem
[    0.156870] RTC time:  2:15:12, date: 04/28/20
[    0.157690] NET: Registered protocol family 16
[    0.158378] audit: initializing netlink subsys (disabled)
[    0.159124] audit: type=2000 audit(1588040117.256:1): state=initialized audit_enabled=0 res=1
[    0.160039] cpuidle: using governor ladder
[    0.160593] cpuidle: using governor menu
[    0.161173] ACPI: bus type PCI registered
[    0.161765] acpiphp: ACPI Hot Plug PCI Controller Driver version: 0.5
[    0.162703] PCI: Using configuration type 1 for base access
[    0.164847] HugeTLB registered 2.00 MiB page size, pre-allocated 0 pages
[    0.164947] ACPI: Added _OSI(Module Device)
[    0.164947] ACPI: Added _OSI(Processor Device)
[    0.168002] ACPI: Added _OSI(3.0 _SCP Extensions)
[    0.168645] ACPI: Added _OSI(Processor Aggregator Device)
[    0.169365] ACPI: Added _OSI(Linux-Dell-Video)
[    0.169975] ACPI: Added _OSI(Linux-Lenovo-NV-HDMI-Audio)
[    0.170720] ACPI: Added _OSI(Linux-HPI-Hybrid-Graphics)
[    0.172242] ACPI: Executed 1 blocks of module-level executable AML code
[    0.175787] ACPI: Interpreter enabled
[    0.176010] ACPI: (supports S0 S5)
[    0.176517] ACPI: Using IOAPIC for interrupt routing
[    0.177438] PCI: Using host bridge windows from ACPI; if necessary, use "pci=nocrs" and report a bug
[    0.178845] ACPI: Enabled 2 GPEs in block 00 to 07
[    0.184845] ACPI: PCI Root Bridge [PCI0] (domain 0000 [bus 00-ff])
[    0.185713] acpi PNP0A03:00: _OSC: OS supports [ASPM ClockPM Segments MSI]
[    0.187044] acpi PNP0A03:00: _OSC: not requesting OS control; OS requires [ExtendedConfig ASPM ClockPM MSI]
[    0.188009] acpi PNP0A03:00: fail to add MMCONFIG information, can't access extended PCI configuration space under this bridge.
[    0.189831] PCI host bridge to bus 0000:00
[    0.190447] pci_bus 0000:00: root bus resource [io  0x0000-0x0cf7 window]
[    0.191382] pci_bus 0000:00: root bus resource [io  0x0d00-0xffff window]
[    0.192002] pci_bus 0000:00: root bus resource [mem 0x000a0000-0x000bffff window]
[    0.193108] pci_bus 0000:00: root bus resource [mem 0xe0000000-0xfdffffff window]
[    0.194173] pci_bus 0000:00: root bus resource [bus 00-ff]
[    0.197527] pci 0000:00:01.1: legacy IDE quirk: reg 0x10: [io  0x01f0-0x01f7]
[    0.198506] pci 0000:00:01.1: legacy IDE quirk: reg 0x14: [io  0x03f6]
[    0.199425] pci 0000:00:01.1: legacy IDE quirk: reg 0x18: [io  0x0170-0x0177]
[    0.200002] pci 0000:00:01.1: legacy IDE quirk: reg 0x1c: [io  0x0376]
[    0.238862] pci 0000:00:07.0: quirk: [io  0x4000-0x403f] claimed by PIIX4 ACPI
[    0.240012] pci 0000:00:07.0: quirk: [io  0x4100-0x410f] claimed by PIIX4 SMB
[    0.265352] ACPI: PCI Interrupt Link [LNKA] (IRQs 5 9 10 *11)
[    0.266521] ACPI: PCI Interrupt Link [LNKB] (IRQs 5 9 *10 11)
[    0.268085] ACPI: PCI Interrupt Link [LNKC] (IRQs 5 *9 10 11)
[    0.268974] ACPI: PCI Interrupt Link [LNKD] (IRQs 5 9 10 *11)
[    0.270059] SCSI subsystem initialized
[    0.270687] pci 0000:00:02.0: vgaarb: setting as boot VGA device
[    0.270687] pci 0000:00:02.0: vgaarb: VGA device added: decodes=io+mem,owns=io+mem,locks=none
[    0.272009] pci 0000:00:02.0: vgaarb: bridge control possible
[    0.272822] vgaarb: loaded
[    0.273271] ACPI: bus type USB registered
[    0.273855] usbcore: registered new interface driver usbfs
[    0.276015] usbcore: registered new interface driver hub
[    0.276753] usbcore: registered new device driver usb
[    0.277513] EDAC MC: Ver: 3.0.0
[    0.277513] PCI: Using ACPI for IRQ routing
[    0.277513] NetLabel: Initializing
[    0.277513] NetLabel:  domain hash size = 128
[    0.280005] NetLabel:  protocols = UNLABELED CIPSOv4 CALIPSO
[    0.280811] NetLabel:  unlabeled traffic allowed by default
[    0.281591] clocksource: Switched to clocksource kvm-clock
[    0.290466] VFS: Disk quotas dquot_6.6.0
[    0.291112] VFS: Dquot-cache hash table entries: 512 (order 0, 4096 bytes)
[    0.292098] AppArmor: AppArmor Filesystem Enabled
[    0.292807] pnp: PnP ACPI init
[    0.294036] pnp: PnP ACPI: found 3 devices
[    0.303654] clocksource: acpi_pm: mask: 0xffffff max_cycles: 0xffffff, max_idle_ns: 2085701024 ns
[    0.304955] NET: Registered protocol family 2
[    0.305720] TCP established hash table entries: 32768 (order: 6, 262144 bytes)
[    0.306796] TCP bind hash table entries: 32768 (order: 7, 524288 bytes)
[    0.308391] TCP: Hash tables configured (established 32768 bind 32768)
[    0.309441] UDP hash table entries: 2048 (order: 4, 65536 bytes)
[    0.310266] UDP-Lite hash table entries: 2048 (order: 4, 65536 bytes)
[    0.311171] NET: Registered protocol family 1
[    0.311795] pci 0000:00:00.0: Limiting direct PCI/PCI transfers
[    0.312622] pci 0000:00:01.0: Activating ISA DMA hang workarounds
[    0.313498] pci 0000:00:02.0: Video device with shadowed ROM at [mem 0x000c0000-0x000dffff]
[    0.314694] Unpacking initramfs...
[    0.599055] Freeing initrd memory: 19204K
[    0.599723] PCI-DMA: Using software bounce buffering for IO (SWIOTLB)
[    0.600670] software IO TLB: mapped [mem 0xdbff0000-0xdfff0000] (64MB)
[    0.601577] clocksource: tsc: mask: 0xffffffffffffffff max_cycles: 0x1128ae0185e, max_idle_ns: 440795217955 ns
[    0.602910] platform rtc_cmos: registered platform RTC device (no PNP device found)
[    0.603969] Scanning for low memory corruption every 60 seconds
[    0.605475] Initialise system trusted keyrings
[    0.606205] Key type blacklist registered
[    0.606921] workingset: timestamp_bits=36 max_order=20 bucket_order=0
[    0.608578] zbud: loaded
[    0.609462] squashfs: version 4.0 (2009/01/31) Phillip Lougher
[    0.610417] fuse init (API version 7.26)
[    0.612778] Key type asymmetric registered
[    0.613423] Asymmetric key parser 'x509' registered
[    0.614555] Block layer SCSI generic (bsg) driver version 0.4 loaded (major 246)
[    0.615653] io scheduler noop registered
[    0.616259] io scheduler deadline registered
[    0.616870] io scheduler cfq registered (default)
[    0.617926] ACPI: AC Adapter [AC] (on-line)
[    0.619395] input: Power Button as /devices/LNXSYSTM:00/LNXPWRBN:00/input/input0
[    0.620577] ACPI: Power Button [PWRF]
[    0.621277] input: Sleep Button as /devices/LNXSYSTM:00/LNXSLPBN:00/input/input1
[    0.622313] ACPI: Sleep Button [SLPF]
[    0.623807] ACPI: Battery Slot [BAT0] (battery present)
[    0.624675] Serial: 8250/16550 driver, 32 ports, IRQ sharing enabled
[    0.646138] 00:02: ttyS0 at I/O 0x3f8 (irq = 4, base_baud = 115200) is a 16550A
[    0.649279] Linux agpgart interface v0.103
[    0.651397] loop: module loaded
[    0.652417] scsi host0: ata_piix
[    0.653078] scsi host1: ata_piix
[    0.653637] ata1: PATA max UDMA/33 cmd 0x1f0 ctl 0x3f6 bmdma 0xd000 irq 14
[    0.654693] ata2: PATA max UDMA/33 cmd 0x170 ctl 0x376 bmdma 0xd008 irq 15
[    0.656013] libphy: Fixed MDIO Bus: probed
[    0.656737] tun: Universal TUN/TAP device driver, 1.6
[    0.657726] PPP generic driver version 2.4.2
[    0.658443] ehci_hcd: USB 2.0 'Enhanced' Host Controller (EHCI) Driver
[    0.659337] ehci-pci: EHCI PCI platform driver
[    0.659963] ehci-platform: EHCI generic platform driver
[    0.660720] ohci_hcd: USB 1.1 'Open' Host Controller (OHCI) Driver
[    0.661551] ohci-pci: OHCI PCI platform driver
[    0.662182] ohci-platform: OHCI generic platform driver
[    0.662894] uhci_hcd: USB Universal Host Controller Interface driver
[    0.663777] i8042: PNP: PS/2 Controller [PNP0303:PS2K,PNP0f03:PS2M] at 0x60,0x64 irq 1,12
[    0.665551] serio: i8042 KBD port at 0x60,0x64 irq 1
[    0.666296] serio: i8042 AUX port at 0x60,0x64 irq 12
[    0.667187] mousedev: PS/2 mouse device common for all mice
[    0.668628] input: AT Translated Set 2 keyboard as /devices/platform/i8042/serio0/input/input2
[    0.669892] rtc_cmos rtc_cmos: rtc core: registered rtc_cmos as rtc0
[    0.670939] rtc_cmos rtc_cmos: alarms up to one day, 114 bytes nvram
[    0.671817] i2c /dev entries driver
[    0.673128] device-mapper: uevent: version 1.0.3
[    0.673957] device-mapper: ioctl: 4.37.0-ioctl (2017-09-20) initialised: dm-devel@redhat.com
[    0.675450] ledtrig-cpu: registered to indicate activity on CPUs
[    0.676570] NET: Registered protocol family 10
[    0.680388] Segment Routing with IPv6
[    0.680944] NET: Registered protocol family 17
[    0.681690] Key type dns_resolver registered
[    0.682798] mce: Using 0 MCE banks
[    0.683319] RAS: Correctable Errors collector initialized.
[    0.684070] sched_clock: Marking stable (682776054, 0)->(869955980, -187179926)
[    0.685770] registered taskstats version 1
[    0.686389] Loading compiled-in X.509 certificates
[    0.688989] Loaded X.509 cert 'Build time autogenerated kernel key: 244b473b43e18b01f00e37a87f2ecd28620f0244'
[    0.690372] zswap: loaded using pool lzo/zbud
[    0.693999] Key type big_key registered
[    0.694559] Key type trusted registered
[    0.696512] Key type encrypted registered
[    0.697113] AppArmor: AppArmor sha1 policy hashing enabled
[    0.697941] ima: No TPM chip found, activating TPM-bypass! (rc=-19)
[    0.698833] ima: Allocated hash algorithm: sha1
[    0.699499] evm: HMAC attrs: 0x1
[    0.700237]   Magic number: 0:22:259
[    0.700859] rtc_cmos rtc_cmos: setting system clock to 2020-04-28 02:15:13 UTC (1588040113)
[    0.702185] BIOS EDD facility v0.16 2004-Jun-25, 0 devices found
[    0.703008] EDD information not available.
[    0.886736] Freeing unused kernel image memory: 2432K
[    1.117541] Write protecting the kernel read-only data: 20480k
[    1.118942] Freeing unused kernel image memory: 2008K
[    1.119881] Freeing unused kernel image memory: 1880K
[    1.124958] x86/mm: Checked W+X mappings: passed, no W+X pages found.
Loading, please wait...
starting version 237
[    1.167518] e1000: Intel(R) PRO/1000 Network Driver - version 7.3.21-k8-NAPI
[    1.168551] e1000: Copyright (c) 1999-2006 Intel Corporation.
[    1.171460] Fusion MPT base driver 3.04.20
[    1.172107] Copyright (c) 1999-2008 LSI Corporation
[    1.175645] Fusion MPT SPI Host driver 3.04.20
[    1.187380] AVX2 version of gcm_enc/dec engaged.
[    1.188542] AES CTR mode by8 optimization enabled
[    1.387896] input: ImExPS/2 Generic Explorer Mouse as /devices/platform/i8042/serio1/input/input4
[    1.561261] e1000 0000:00:03.0 eth0: (PCI:33MHz:32-bit) 02:39:1d:43:44:b0
[    1.562221] e1000 0000:00:03.0 eth0: Intel(R) PRO/1000 Network Connection
[    1.564051] mptbase: ioc0: Initiating bringup
[    1.672828] ioc0: LSI53C1030 A0: Capabilities={Initiator}
[    1.915175] scsi host2: ioc0: LSI53C1030 A0, FwRev=00000000h, Ports=1, MaxQ=256, IRQ=20
[    2.085007] scsi 2:0:0:0: Direct-Access     VBOX     HARDDISK         1.0  PQ: 0 ANSI: 5
[    2.131310] scsi target2:0:0: Beginning Domain Validation
[    2.133420] scsi target2:0:0: Domain Validation skipping write tests
[    2.134347] scsi target2:0:0: Ending Domain Validation
[    2.135092] scsi target2:0:0: asynchronous
[    2.136018] scsi 2:0:1:0: Direct-Access     VBOX     HARDDISK         1.0  PQ: 0 ANSI: 5
[    2.441832] scsi target2:0:1: Beginning Domain Validation
[    2.443169] random: fast init done
[    2.443767] scsi target2:0:1: Domain Validation skipping write tests
[    2.444754] scsi target2:0:1: Ending Domain Validation
[    2.445508] scsi target2:0:1: asynchronous
[    2.449408] random: systemd-udevd: uninitialized urandom read (16 bytes read)
[    2.449666] sd 2:0:0:0: [sda] 20971520 512-byte logical blocks: (10.7 GB/10.0 GiB)
[    2.450385] random: systemd-udevd: uninitialized urandom read (16 bytes read)
[    2.451556] sd 2:0:0:0: [sda] Write Protect is off
[    2.452414] random: systemd-udevd: uninitialized urandom read (16 bytes read)
[    2.454223] sd 2:0:0:0: [sda] Incomplete mode parameter data
[    2.455484] sd 2:0:0:0: [sda] Assuming drive cache: write through
[    2.456393] sd 2:0:0:0: Attached scsi generic sg0 type 0
[    2.457875] sd 2:0:1:0: Attached scsi generic sg1 type 0
[    2.458707]  sda: sda1
[    2.459246] sd 2:0:1:0: [sdb] 20480 512-byte logical blocks: (10.5 MB/10.0 MiB)
[    2.459558] sd 2:0:0:0: [sda] Attached SCSI disk
[    2.461252] sd 2:0:1:0: [sdb] Write Protect is off
[    2.462266] sd 2:0:1:0: [sdb] Incomplete mode parameter data
[    2.463132] sd 2:0:1:0: [sdb] Assuming drive cache: write through
[    2.465638] sd 2:0:1:0: [sdb] Attached SCSI disk
[    2.468297] e1000 0000:00:08.0 eth1: (PCI:33MHz:32-bit) 08:00:27:26:6d:a1
[    2.469416] e1000 0000:00:08.0 eth1: Intel(R) PRO/1000 Network Connection
[    2.471416] e1000 0000:00:08.0 enp0s8: renamed from eth1
[    2.496604] e1000 0000:00:03.0 enp0s3: renamed from eth0
Begin: Loading essential drivers ... [    3.956406] raid6: sse2x1   gen() 13286 MB/s
[    4.004014] raid6: sse2x1   xor()  8313 MB/s
[    4.052675] raid6: sse2x2   gen() 13358 MB/s
[    4.100319] raid6: sse2x2   xor()  9629 MB/s
[    4.148012] raid6: sse2x4   gen() 15950 MB/s
[    4.196786] raid6: sse2x4   xor() 10650 MB/s
[    4.244409] raid6: avx2x1   gen() 24019 MB/s
[    4.292057] raid6: avx2x1   xor() 14467 MB/s
[    4.340010] raid6: avx2x2   gen() 29640 MB/s
[    4.388472] raid6: avx2x2   xor() 18852 MB/s
[    4.436205] raid6: avx2x4   gen() 26663 MB/s
[    4.484028] raid6: avx2x4   xor() 14943 MB/s
[    4.485159] raid6: using algorithm avx2x2 gen() 29640 MB/s
[    4.486135] raid6: .... xor() 18852 MB/s, rmw enabled
[    4.486917] raid6: using avx2x2 recovery algorithm
[    4.488547] xor: automatically using best checksumming function   avx       
[    4.490320] async_tx: api initialized (async)
done.
Begin: Running /scripts/init-premount ... done.
Begin: Mounting root file system ... Begin: Running /scripts/local-top ... done.
Begin: Running /scripts/local-premount ... [    4.527014] Btrfs loaded, crc32c=crc32c-intel
Scanning for Btrfs filesystems
done.
Warning: fsck not present, so skipping root file system
[    4.548842] EXT4-fs (sda1): mounted filesystem with ordered data mode. Opts: (null)
done.
Begin: Running /scripts/local-bottom ... done.
Begin: Running /scripts/init-bottom ... done.
[    4.673109] ip_tables: (C) 2000-2006 Netfilter Core Team
[    4.679394] systemd[1]: systemd 237 running in system mode. (+PAM +AUDIT +SELINUX +IMA +APPARMOR +SMACK +SYSVINIT +UTMP +LIBCRYPTSETUP +GCRYPT +GNUTLS +ACL +XZ +LZ4 +SECCOMP +BLKID +ELFUTILS +KMOD -IDN2 +IDN -PCRE2 default-hierarchy=hybrid)
[    4.682300] systemd[1]: Detected virtualization oracle.
[    4.683116] systemd[1]: Detected architecture x86-64.

Welcome to [1mUbuntu 18.04.4 LTS[0m!

[    4.692455] systemd[1]: Set hostname to <manager>.
[    4.924697] systemd[1]: Created slice System Slice.
[[0;32m  OK  [0m] Created slice System Slice.
[    4.926023] systemd[1]: Listening on Syslog Socket.
[[0;32m  OK  [0m] Listening on Syslog Socket.
[    4.927146] systemd[1]: Reached target User and Group Name Lookups.
[[0;32m  OK  [0m] Reached target User and Group Name Lookups.
[    4.928665] systemd[1]: Listening on Device-mapper event daemon FIFOs.
[[0;32m  OK  [0m] Listening on Device-mapper event daemon FIFOs.
[    4.930523] systemd[1]: Created slice User and Session Slice.
[[0;32m  OK  [0m] Created slice User and Session Slice.
[    4.932110] systemd[1]: Listening on Journal Audit Socket.
[[0;32m  OK  [0m] Listening on Journal Audit Socket.
[[0;32m  OK  [0m] Listening on Journal Socket.
         Starting Uncomplicated firewall...
         Starting Remount Root and Kernel File Systems...
         Mounting POSIX Message Queue File System...
         Mounting Huge Pages File System...
[[0;32m  OK  [0m] Listening on udev Control Socket.
[[0;32m  OK  [0m] Created slice system-serial\x2dgetty.slice.
[[0;32m  OK  [0m] Listening on LVM2 metadata daemon socket.
         Starting Monitoring of LVM2 mirrors…ng dmeventd or progress polling...
[[0;32m  OK  [0m] Started Forward Password Requests to Wall Directory Watch.
[[0;32m  OK  [0m] Listening on Network Service Netlink Socket.
[[0;32m  OK  [0m] Listening on LVM2 poll daemon socket.
[[0;32m  OK  [0m] Set up automount Arbitrary Executab…rmats File System Automount Point.
[[0;32m  OK  [0m] Reached target System Time Synchronized.
         Starting Create list of required st…ce nodes for the current kernel...
         Starting Load Kernel Modules...
[[0;32m  OK  [0m] Listening on Journal Socket (/dev/log).
[[0;32m  OK  [0m] Listening on udev Kernel Socket.
         Starting udev Coldplug all Devices...
[[0;32m  OK  [0m] Reached target Swap.
         Starting Set the console keyboard layout...
         Mounting Kernel Debug File System...
         Starting Journal Service...
[    5.039800] Loading iSCSI transport class v2.0-870.
[    5.044882] iscsi: registered transport (tcp)
[    5.058504] iscsi: registered transport (iser)
[[0;32m  OK  [0m] Reached target Slices.
[[0;32m  OK  [0m] Listening on /dev/initctl Compatibility Named Pipe.
[[0;32m  OK  [0m] Started Uncomplicated firewall.
[[0;32m  OK  [0m] Mounted POSIX Message Queue File System.
[[0;32m  OK  [0m] Mounted Huge Pages File System.
[[0;32m  OK  [0m] Started Load Kernel Modules.
[[0;32m  OK  [0m] Mounted Kernel Debug File System.
[[0;32m  OK  [0m] Started LVM2 metadata daemon.
         Mounting FUSE Control File System...
[    5.081171] EXT4-fs (sda1): re-mounted. Opts: (null)
         Starting Apply Kernel Variables...
         Mounting Kernel Configuration File System...
[[0;32m  OK  [0m] Started Remount Root and Kernel File Systems.
[[0;32m  OK  [0m] Started Journal Service.
[[0;32m  OK  [0m] Started Create list of required sta…vice nodes for the current kernel.
[[0;32m  OK  [0m] Started udev Coldplug all Devices.
[[0;32m  OK  [0m] Mounted FUSE Control File System.
[[0;32m  OK  [0m] Mounted Kernel Configuration File System.
         Starting Create Static Device Nodes in /dev...
         Starting Load/Save Random Seed...
         Starting Flush Journal to Persistent Storage...
[[0;32m  OK  [0m] Started Apply Kernel Variables.
[[0;32m  OK  [0m] Started Create Static Device Nodes in /dev.
         Starting udev Kernel Device Manager...
[[0;32m  OK  [0m] Started Monitoring of LVM2 mirrors,…sing dmeventd or progress polling.
[[0;32m  OK  [0m] Started Load/Save Random Seed.
[[0;32m  OK  [0m] Started Set the console keyboard layout.
[[0;32m  OK  [0m] Started udev Kernel Device Manager.
[[0;32m  OK  [0m] Started Dispatch Password Requests to Console Directory Watch.
[[0;32m  OK  [0m] Reached target Local Encrypted Volumes.
[[0;32m  OK  [0m] Reached target Local File Systems (Pre).
[[0;32m  OK  [0m] Reached target Local File Systems.
         Starting AppArmor initialization...
         Starting Set console font and keymap...
         Starting Tell Plymouth To Write Out Runtime Data...
         Starting ebtables ruleset management...
[[0;32m  OK  [0m] Started Set console font and keymap.
[[0;32m  OK  [0m] Started Tell Plymouth To Write Out Runtime Data.
[[0;32m  OK  [0m] Started Flush Journal to Persistent Storage.
         Starting Create Volatile Files and Directories...
[[0;32m  OK  [0m] Found device /dev/ttyS0.
[[0;32m  OK  [0m] Started Create Volatile Files and Directories.
         Starting Update UTMP about System Boot/Shutdown...
[[0;32m  OK  [0m] Started Update UTMP about System Boot/Shutdown.
[[0;32m  OK  [0m] Started ebtables ruleset management.
[[0;32m  OK  [0m] Listening on Load/Save RF Kill Switch Status /dev/rfkill Watch.
[[0;32m  OK  [0m] Started AppArmor initialization.
         Starting Initial cloud-init job (pre-networking)...
[    6.709242] cloud-init[576]: Cloud-init v. 19.4-33-gbb4131a2-0ubuntu1~18.04.1 running 'init-local' at Tue, 28 Apr 2020 02:15:18 +0000. Up 6.12 seconds.
[[0;32m  OK  [0m] Started Initial cloud-init job (pre-networking).
[[0;32m  OK  [0m] Reached target Network (Pre).
         Starting Network Service...
[[0;32m  OK  [0m] Started Network Service.
         Starting Network Name Resolution...
         Starting Wait for Network to be Configured...
[[0;32m  OK  [0m] Started Network Name Resolution.
[[0;32m  OK  [0m] Reached target Network.
[[0;32m  OK  [0m] Reached target Host and Network Name Lookups.
[[0;32m  OK  [0m] Started Wait for Network to be Configured.
         Starting Initial cloud-init job (metadata service crawler)...
[    9.441470] cloud-init[700]: Cloud-init v. 19.4-33-gbb4131a2-0ubuntu1~18.04.1 running 'init' at Tue, 28 Apr 2020 02:15:22 +0000. Up 9.33 seconds.
[    9.442608] cloud-init[700]: ci-info: ++++++++++++++++++++++++++++++++++++++Net device info+++++++++++++++++++++++++++++++++++++++
[    9.443909] cloud-init[700]: ci-info: +--------+------+-----------------------------+---------------+--------+-------------------+
[    9.445257] cloud-init[700]: ci-info: | Device |  Up  |           Address           |      Mask     | Scope  |     Hw-Address    |
[    9.446536] cloud-init[700]: ci-info: +--------+------+-----------------------------+---------------+--------+-------------------+
[    9.447864] cloud-init[700]: ci-info: | enp0s3 | True |          10.0.2.15          | 255.255.255.0 | global | 02:39:1d:43:44:b0 |
[    9.449272] cloud-init[700]: ci-info: | enp0s3 | True |  fe80::39:1dff:fe43:44b0/64 |       .       |  link  | 02:39:1d:43:44:b0 |
[    9.450324] cloud-init[700]: ci-info: | enp0s8 | True |        192.168.10.20        | 255.255.255.0 | global | 08:00:27:26:6d:a1 |
[    9.451364] cloud-init[700]: ci-info: | enp0s8 | True | fe80::a00:27ff:fe26:6da1/64 |       .       |  link  | 08:00:27:26:6d:a1 |
[    9.452418] cloud-init[700]: ci-info: |   lo   | True |          127.0.0.1          |   255.0.0.0   |  host  |         .         |
[    9.453467] cloud-init[700]: ci-info: |   lo   | True |           ::1/128           |       .       |  host  |         .         |
[    9.454516] cloud-init[700]: ci-info: +--------+------+-----------------------------+---------------+--------+-------------------+
[    9.455544] cloud-init[700]: ci-info: +++++++++++++++++++++++++++++Route IPv4 info+++++++++++++++++++++++++++++
[    9.456458] cloud-init[700]: ci-info: +-------+--------------+----------+-----------------+-----------+-------+
[    9.457378] cloud-init[700]: ci-info: | Route | Destination  | Gateway  |     Genmask     | Interface | Flags |
[    9.458315] cloud-init[700]: ci-info: +-------+--------------+----------+-----------------+-----------+-------+
[    9.459255] cloud-init[700]: ci-info: |   0   |   0.0.0.0    | 10.0.2.2 |     0.0.0.0     |   enp0s3  |   UG  |
[    9.460222] cloud-init[700]: ci-info: |   1   |   10.0.2.0   | 0.0.0.0  |  255.255.255.0  |   enp0s3  |   U   |
[    9.461119] cloud-init[700]: ci-info: |   2   |   10.0.2.2   | 0.0.0.0  | 255.255.255.255 |   enp0s3  |   UH  |
[    9.462015] cloud-init[700]: ci-info: |   3   | 192.168.10.0 | 0.0.0.0  |  255.255.255.0  |   enp0s8  |   U   |
[    9.462910] cloud-init[700]: ci-info: +-------+--------------+----------+-----------------+-----------+-------+
[    9.463801] cloud-init[700]: ci-info: +++++++++++++++++++Route IPv6 info+++++++++++++++++++
[    9.464582] cloud-init[700]: ci-info: +-------+-------------+---------+-----------+-------+
[    9.465332] cloud-init[700]: ci-info: | Route | Destination | Gateway | Interface | Flags |
[    9.466087] cloud-init[700]: ci-info: +-------+-------------+---------+-----------+-------+
[    9.466832] cloud-init[700]: ci-info: |   1   |  fe80::/64  |    ::   |   enp0s3  |   U   |
[    9.467574] cloud-init[700]: ci-info: |   2   |  fe80::/64  |    ::   |   enp0s8  |   U   |
[    9.468340] cloud-init[700]: ci-info: |   4   |    local    |    ::   |   enp0s3  |   U   |
[    9.469101] cloud-init[700]: ci-info: |   5   |    local    |    ::   |   enp0s8  |   U   |
[    9.469817] cloud-init[700]: ci-info: |   6   |   ff00::/8  |    ::   |   enp0s3  |   U   |
[    9.470566] cloud-init[700]: ci-info: |   7   |   ff00::/8  |    ::   |   enp0s8  |   U   |
[    9.471326] cloud-init[700]: ci-info: +-------+-------------+---------+-----------+-------+
[[0;32m  OK  [0m] Started Initial cloud-init job (metadata service crawler).
[[0;32m  OK  [0m] Reached target Cloud-config availability.
[[0;32m  OK  [0m] Reached target Network is Online.
[[0;32m  OK  [0m] Reached target Remote File Systems (Pre).
[[0;32m  OK  [0m] Reached target Remote File Systems.
         Starting Availability of block devices...
[[0;32m  OK  [0m] Reached target System Initialization.
[[0;32m  OK  [0m] Started Daily apt download activities.
[[0;32m  OK  [0m] Started Daily apt upgrade and clean activities.
[[0;32m  OK  [0m] Started Discard unused blocks once a week.
[[0;32m  OK  [0m] Started Daily Cleanup of Temporary Directories.
         Starting Docker Socket for the API.
         Starting Socket activation for snappy daemon.
[[0;32m  OK  [0m] Started ACPI Events Check.
[[0;32m  OK  [0m] Started Message of the Day.
[[0;32m  OK  [0m] Reached target Timers.
[[0;32m  OK  [0m] Listening on Open-iSCSI iscsid Socket.
[[0;32m  OK  [0m] Listening on ACPID Listen Socket.
         Starting LXD - unix socket.
[[0;32m  OK  [0m] Reached target Paths.
[[0;32m  OK  [0m] Listening on D-Bus System Message Bus Socket.
[[0;32m  OK  [0m] Listening on UUID daemon activation socket.
[[0;32m  OK  [0m] Started Availability of block devices.
[[0;32m  OK  [0m] Listening on Docker Socket for the API.
[[0;32m  OK  [0m] Listening on Socket activation for snappy daemon.
[[0;32m  OK  [0m] Listening on LXD - unix socket.
[[0;32m  OK  [0m] Reached target Sockets.
[[0;32m  OK  [0m] Reached target Basic System.
         Starting containerd container runtime...
         Starting Dispatcher daemon for systemd-networkd...
[[0;32m  OK  [0m] Started D-Bus System Message Bus.
         Starting Accounts Service...
         Starting Virtualbox guest utils...
         Starting LSB: Record successful boot for GRUB...
         Starting LSB: automatic crash report generation...
[[0;32m  OK  [0m] Started Regular background program processing daemon.
[[0;32m  OK  [0m] Started irqbalance daemon.
[[0;32m  OK  [0m] Started FUSE filesystem for LXC.
         Starting Login Service...
         Starting Snappy daemon...
         Starting LXD - container startup/shutdown...
         Starting System Logging Service...
         Starting OpenBSD Secure Shell server...
[[0;32m  OK  [0m] Started Deferred execution scheduler.
         Starting Permit User Sessions...
[[0;32m  OK  [0m] Started Dispatcher daemon for systemd-networkd.
[[0;32m  OK  [0m] Started System Logging Service.
[[0;32m  OK  [0m] Started containerd container runtime.
[[0;32m  OK  [0m] Started LXD - container startup/shutdown.
[[0;32m  OK  [0m] Started OpenBSD Secure Shell server.
[[0;32m  OK  [0m] Started Permit User Sessions.
[[0;32m  OK  [0m] Started Login Service.
[[0;32m  OK  [0m] Started Unattended Upgrades Shutdown.
         Starting Hold until boot process finishes up...
         Starting Terminate Plymouth Boot Screen...
         Starting Authorization Manager...
         Starting Docker Application Container Engine...
[[0;32m  OK  [0m] Started Hold until boot process finishes up.
[[0;32m  OK  [0m] Started Serial Getty on ttyS0.
         Starting Set console scheme...
[[0;32m  OK  [0m] Started Terminate Plymouth Boot Screen.
[[0;32m  OK  [0m] Started Authorization Manager.
[[0;32m  OK  [0m] Started Accounts Service.
[[0;32m  OK  [0m] Started Set console scheme.
[[0;32m  OK  [0m] Started LSB: automatic crash report generation.
[[0;32m  OK  [0m] Started LSB: Record successful boot for GRUB.
[[0;32m  OK  [0m] Created slice system-getty.slice.
[[0;32m  OK  [0m] Started Getty on tty1.
[[0;32m  OK  [0m] Reached target Login Prompts.
[[0;32m  OK  [0m] Started Virtualbox guest utils.
[[0;32m  OK  [0m] Started Snappy daemon.
         Starting Wait until snapd is fully seeded...
[[0;32m  OK  [0m] Started Wait until snapd is fully seeded.
         Starting Apply the settings specified in cloud-config...
[   11.246231] cloud-init[1268]: Cloud-init v. 19.4-33-gbb4131a2-0ubuntu1~18.04.1 running 'modules:config' at Tue, 28 Apr 2020 02:15:23 +0000. Up 11.15 seconds.
[[0;32m  OK  [0m] Started Apply the settings specified in cloud-config.
[[0;32m  OK  [0m] Created slice User Slice of vagrant.
         Starting User Manager for UID 1000...
[[0;32m  OK  [0m] Started Session 1 of user vagrant.
[[0;32m  OK  [0m] Started User Manager for UID 1000.
[[0;32m  OK  [0m] Started Docker Application Container Engine.
[[0;32m  OK  [0m] Reached target Multi-User System.
[[0;32m  OK  [0m] Reached target Graphical Interface.
         Starting Update UTMP about System Runlevel Changes...
         Starting Execute cloud user/final scripts...
[[0;32m  OK  [0m] Started Update UTMP about System Runlevel Changes.
[   12.826960] cloud-init[1592]: Cloud-init v. 19.4-33-gbb4131a2-0ubuntu1~18.04.1 running 'modules:final' at Tue, 28 Apr 2020 02:15:25 +0000. Up 12.75 seconds.
[   12.828320] cloud-init[1592]: Cloud-init v. 19.4-33-gbb4131a2-0ubuntu1~18.04.1 finished at Tue, 28 Apr 2020 02:15:25 +0000. Datasource DataSourceNoCloud [seed=/dev/sdb][dsmode=net].  Up 12.82 seconds
[[0;32m  OK  [0m] Started Execute cloud user/final scripts.
[[0;32m  OK  [0m] Reached target Cloud-init target.

Ubuntu 18.04.4 LTS manager ttyS0

manager login: 